This is pdfTeX, Version 3.14159265-2.6-1.40.20 (TeX Live 2019/Debian) (preloaded format=pdflatex 2020.10.8)  8 OCT 2020 13:02
entering extended mode
 restricted \write18 enabled.
 %&-line parsing enabled.
**Twenty-Seconds_cv.tex
(./Twenty-Seconds_cv.tex
LaTeX2e <2020-02-02> patch level 2
L3 programming layer <2020-02-14>)
*
(Please type a command or say `\end')
*
(Please type a command or say `\end')
*
(Please type a command or say `\end')
*X

! LaTeX Error: Missing \begin{document}.

See the LaTeX manual or LaTeX Companion for explanation.
Type  H <return>  for immediate help.
 ...                                              
                                                  
<*> X
     
? q
OK, entering \batchmode...
Missing character: There is no X in font nullfont!
! Emergency stop.
<*> X
     
*** (job aborted, no legal \end found)

 
Here is how much of TeX's memory you used:
 16 strings out of 483183
 429 string characters out of 5966292
 231602 words of memory out of 5000000
 15133 multiletter control sequences out of 15000+600000
 532338 words of font info for 24 fonts, out of 8000000 for 9000
 14 hyphenation exceptions out of 8191
 12i,0n,15p,53b,14s stack positions out of 5000i,500n,10000p,200000b,80000s
!  ==> Fatal error occurred, no output PDF file produced!
